<?xml version="1.0" encoding="UTF-8"?>
<!-- Generated by org.testng.reporters.JUnitXMLReporter -->
<testsuite ignored="2" hostname="POP-MAC-18.local" failures="0" tests="1" name="Default test" time="41.229" errors="0" timestamp="22 Jun 2019 12:32:39 GMT">
  <testcase classname="functionalTests.NewTest" name="addEarphonesTocart" time="29.854"/>
  <testcase classname="functionalTests.NewTest" name="userSearchesaString" time="0.0">
    <ignored/>
  </testcase> <!-- userSearchesaString -->
  <testcase classname="functionalTests.NewTest" name="userlogin" time="0.0">
    <ignored/>
  </testcase> <!-- userlogin -->
</testsuite> <!-- Default test -->
