<?xml version="1.0" encoding="UTF-8"?>
<testng-results ignored="2" total="3" passed="1" failed="0" skipped="0">
  <reporter-output>
  </reporter-output>
  <suite started-at="2019-06-22T12:31:53Z" name="Default suite" finished-at="2019-06-22T12:32:34Z" duration-ms="41229">
    <groups>
    </groups>
    <test started-at="2019-06-22T12:31:53Z" name="Default test" finished-at="2019-06-22T12:32:34Z" duration-ms="41229">
      <class name="functionalTests.NewTest">
        <test-method is-config="true" signature="runBefore()[pri:0, instance:functionalTests.NewTest@2118cddf]" started-at="2019-06-22T12:31:53Z" name="runBefore" finished-at="2019-06-22T12:32:04Z" duration-ms="11200" status="PASS">
          <reporter-output>
          </reporter-output>
        </test-method> <!-- runBefore -->
        <test-method signature="addEarphonesTocart()[pri:0, instance:functionalTests.NewTest@2118cddf]" started-at="2019-06-22T12:32:04Z" name="addEarphonesTocart" finished-at="2019-06-22T12:32:34Z" duration-ms="29854" status="PASS">
          <reporter-output>
          </reporter-output>
        </test-method> <!-- addEarphonesTocart -->
        <test-method is-config="true" signature="afterMethod()[pri:0, instance:functionalTests.NewTest@2118cddf]" started-at="2019-06-22T12:32:34Z" name="afterMethod" finished-at="2019-06-22T12:32:34Z" duration-ms="144" status="PASS">
          <reporter-output>
          </reporter-output>
        </test-method> <!-- afterMethod -->
      </class> <!-- functionalTests.NewTest -->
    </test> <!-- Default test -->
  </suite> <!-- Default suite -->
</testng-results>
